WARNING: library LiquidCrystal I2C claims to run on avr architecture(s) and may be incompatible with your current board which runs on esp32 architecture(s).
/Users/satishkripavasan/Documents/Arduino/ESP32_NEW_DESIGN/ALL_IN_ONE/AIO9_5.0/gprs.ino: In function 'bool send_health_report(bool)':
/Users/satishkripavasan/Documents/Arduino/ESP32_NEW_DESIGN/ALL_IN_ONE/AIO9_5.0/gprs.ino:4607:49: error: 'spiffs_used' was not declared in this scope
 4607 |       diag_http_success_count, diag_cdm_status, spiffs_used, spiffs_total,
      |                                                 ^~~~~~~~~~~
/Users/satishkripavasan/Documents/Arduino/ESP32_NEW_DESIGN/ALL_IN_ONE/AIO9_5.0/gprs.ino:4607:62: error: 'spiffs_total' was not declared in this scope
 4607 |       diag_http_success_count, diag_cdm_status, spiffs_used, spiffs_total,
      |                                                              ^~~~~~~~~~~~
/Users/satishkripavasan/Documents/Arduino/ESP32_NEW_DESIGN/ALL_IN_ONE/AIO9_5.0/gprs_helpers.ino:9:47: error: a function-definition is not allowed here before '{' token
    9 | void save_apn_config(String apn, String ccid) {
      |                                               ^
/Users/satishkripavasan/Documents/Arduino/ESP32_NEW_DESIGN/ALL_IN_ONE/AIO9_5.0/gprs_helpers.ino:19:77: error: a function-definition is not allowed here before '{' token
   19 | bool load_apn_config(String current_ccid, char *target_apn, size_t max_len) {
      |                                                                             ^
/Users/satishkripavasan/Documents/Arduino/ESP32_NEW_DESIGN/ALL_IN_ONE/AIO9_5.0/gprs_helpers.ino:85:19: error: a function-definition is not allowed here before '{' token
   85 | String get_ccid() {
      |                   ^
/Users/satishkripavasan/Documents/Arduino/ESP32_NEW_DESIGN/ALL_IN_ONE/AIO9_5.0/gprs_helpers.ino:157:40: error: a function-definition is not allowed here before '{' token
  157 | bool try_activate_apn(const char *apn) {
      |                                        ^
/Users/satishkripavasan/Documents/Arduino/ESP32_NEW_DESIGN/ALL_IN_ONE/AIO9_5.0/gprs_helpers.ino:242:33: error: a function-definition is not allowed here before '{' token
  242 | bool verify_bearer_or_recover() {
      |                                 ^
/Users/satishkripavasan/Documents/Arduino/ESP32_NEW_DESIGN/ALL_IN_ONE/AIO9_5.0/lcdkeypad.ino:18:25: error: a function-definition is not allowed here before '{' token
   18 | void configure_keypad() {
      |                         ^
/Users/satishkripavasan/Documents/Arduino/ESP32_NEW_DESIGN/ALL_IN_ONE/AIO9_5.0/lcdkeypad.ino:35:33: error: a function-definition is not allowed here before '{' token
   35 | bool isFieldVisible(int fld_id) {
      |                                 ^
/Users/satishkripavasan/Documents/Arduino/ESP32_NEW_DESIGN/ALL_IN_ONE/AIO9_5.0/lcdkeypad.ino:79:26: error: a function-definition is not allowed here before '{' token
   79 | void IRAM_ATTR onTimer() {
      |                          ^
/Users/satishkripavasan/Documents/Arduino/ESP32_NEW_DESIGN/ALL_IN_ONE/AIO9_5.0/lcdkeypad.ino:86:27: error: a function-definition is not allowed here before '{' token
   86 | void IRAM_ATTR lcdTimer() {
      |                           ^
/Users/satishkripavasan/Documents/Arduino/ESP32_NEW_DESIGN/ALL_IN_ONE/AIO9_5.0/lcdkeypad.ino:95:23: error: a function-definition is not allowed here before '{' token
   95 | void protectI2CPins() {
      |                       ^
/Users/satishkripavasan/Documents/Arduino/ESP32_NEW_DESIGN/ALL_IN_ONE/AIO9_5.0/lcdkeypad.ino:100:25: error: a function-definition is not allowed here before '{' token
  100 | void unprotectI2CPins() {
      |                         ^
/Users/satishkripavasan/Documents/Arduino/ESP32_NEW_DESIGN/ALL_IN_ONE/AIO9_5.0/lcdkeypad.ino:105:36: error: a function-definition is not allowed here before '{' token
  105 | void lcdkeypad(void *pvParameters) {
      |                                    ^
/Users/satishkripavasan/Documents/Arduino/ESP32_NEW_DESIGN/ALL_IN_ONE/AIO9_5.0/rtcRead.ino:9:24: error: a function-definition is not allowed here before '{' token
    9 | int bcdToDec(byte val) { return ((val >> 4) * 10) + (val & 0x0F); }
      |                        ^
/Users/satishkripavasan/Documents/Arduino/ESP32_NEW_DESIGN/ALL_IN_ONE/AIO9_5.0/rtcRead.ino:11:68: error: a function-definition is not allowed here before '{' token
   11 | int timeToMinutes(int years, int months, int dd, int hr, int mins) {
      |                                                                    ^
/Users/satishkripavasan/Documents/Arduino/ESP32_NEW_DESIGN/ALL_IN_ONE/AIO9_5.0/rtcRead.ino:18:34: error: a function-definition is not allowed here before '{' token
   18 | void rtcRead(void *pvParameters) {
      |                                  ^
/Users/satishkripavasan/Documents/Arduino/ESP32_NEW_DESIGN/ALL_IN_ONE/AIO9_5.0/rtcRead.ino:162:20: error: a function-definition is not allowed here before '{' token
  162 | void resync_time() {
      |                    ^
/Users/satishkripavasan/Documents/Arduino/ESP32_NEW_DESIGN/ALL_IN_ONE/AIO9_5.0/rtcRead.ino:255:65: error: a function-definition is not allowed here before '{' token
  255 |                                      int minute1, int seconds1) {
      |                                                                 ^
/Users/satishkripavasan/Documents/Arduino/ESP32_NEW_DESIGN/ALL_IN_ONE/AIO9_5.0/scheduler.ino:3:36: error: a function-definition is not allowed here before '{' token
    3 | void scheduler(void *pvParameters) {
      |                                    ^
/Users/satishkripavasan/Documents/Arduino/ESP32_NEW_DESIGN/ALL_IN_ONE/AIO9_5.0/scheduler.ino:2517:43: error: a function-definition is not allowed here before '{' token
 2517 | void next_date(int *Nd, int *Nm, int *Ny) {
      |                                           ^
/Users/satishkripavasan/Documents/Arduino/ESP32_NEW_DESIGN/ALL_IN_ONE/AIO9_5.0/scheduler.ino:2538:47: error: a function-definition is not allowed here before '{' token
 2538 | void previous_date(int *Cd, int *Cm, int *Cy) {
      |                                               ^
/Users/satishkripavasan/Documents/Arduino/ESP32_NEW_DESIGN/ALL_IN_ONE/AIO9_5.0/tempHum.ino:3:34: error: a function-definition is not allowed here before '{' token
    3 | void tempHum(void *pvParameters) {
      |                                  ^
/Users/satishkripavasan/Documents/Arduino/ESP32_NEW_DESIGN/ALL_IN_ONE/AIO9_5.0/tempHum.ino:149:38: error: a function-definition is not allowed here before '{' token
  149 | uint16_t readRegister16(uint8_t reg) {
      |                                      ^
/Users/satishkripavasan/Documents/Arduino/ESP32_NEW_DESIGN/ALL_IN_ONE/AIO9_5.0/tempHum.ino:179:16: error: a function-definition is not allowed here before '{' token
  179 | bool initHDC() {
      |                ^
/Users/satishkripavasan/Documents/Arduino/ESP32_NEW_DESIGN/ALL_IN_ONE/AIO9_5.0/tempHum.ino:231:45: error: a function-definition is not allowed here before '{' token
  231 | bool readHDC(float &tempC, float &humidity) {
      |                                             ^
In file included from /Users/satishkripavasan/Library/Arduino15/packages/esp32/hardware/esp32/3.3.6/libraries/ESPmDNS/src/ESPmDNS.h:48,
                 from /Users/satishkripavasan/Documents/Arduino/ESP32_NEW_DESIGN/ALL_IN_ONE/AIO9_5.0/webServer.ino:2:
/Users/satishkripavasan/Library/Arduino15/packages/esp32/tools/esp32-libs/3.3.6/include/espressif__mdns/include/mdns.h:10:8: error: expected unqualified-id before string constant
   10 | extern "C" {
      |        ^~~
/Users/satishkripavasan/Library/Arduino15/packages/esp32/hardware/esp32/3.3.6/libraries/ESPmDNS/src/ESPmDNS.h:125:3: error: 'mdns_result_t' does not name a type
  125 |   mdns_result_t *results;
      |   ^~~~~~~~~~~~~
/Users/satishkripavasan/Library/Arduino15/packages/esp32/hardware/esp32/3.3.6/libraries/ESPmDNS/src/ESPmDNS.h:126:3: error: 'mdns_result_t' does not name a type
  126 |   mdns_result_t *_getResult(int idx);
      |   ^~~~~~~~~~~~~
/Users/satishkripavasan/Library/Arduino15/packages/esp32/hardware/esp32/3.3.6/libraries/ESPmDNS/src/ESPmDNS.h:127:3: error: 'mdns_txt_item_t' does not name a type
  127 |   mdns_txt_item_t *_getResultTxt(int idx, int txtIdx);
      |   ^~~~~~~~~~~~~~~
/Users/satishkripavasan/Documents/Arduino/ESP32_NEW_DESIGN/ALL_IN_ONE/AIO9_5.0/windDirection.ino:3:40: error: a function-definition is not allowed here before '{' token
    3 | void windDirection(void *pvParameters) {
      |                                        ^
/Users/satishkripavasan/Documents/Arduino/ESP32_NEW_DESIGN/ALL_IN_ONE/AIO9_5.0/windSpeed.ino:4:36: error: a function-definition is not allowed here before '{' token
    4 | void windSpeed(void *pvParameters) {
      |                                    ^
/Users/satishkripavasan/Documents/Arduino/ESP32_NEW_DESIGN/ALL_IN_ONE/AIO9_5.0/windSpeed.ino:97:2: error: expected '}' at end of input
   97 | }
      |  ^
/Users/satishkripavasan/Documents/Arduino/ESP32_NEW_DESIGN/ALL_IN_ONE/AIO9_5.0/gprs.ino:4425:41: note: to match this '{'
 4425 | bool send_health_report(bool useJitter) {
      |                                         ^
Multiple libraries were found for "WiFi.h"
  Used: /Users/satishkripavasan/Library/Arduino15/packages/esp32/hardware/esp32/3.3.6/libraries/WiFi
  Not used: /Users/satishkripavasan/Documents/Arduino/libraries/WiFiEspAT

[92mUsed library[0m            [92mVersion[0m [90mPath[0m
[93mKeypad[0m                  3.1.1   [90m/Users/satishkripavasan/Documents/Arduino/libraries/Keypad-master[0m
[93mLiquidCrystal I2C[0m       1.1.2   [90m/Users/satishkripavasan/Documents/Arduino/libraries/LiquidCrystal_I2C[0m
[93mWire[0m                    3.3.6   [90m/Users/satishkripavasan/Library/Arduino15/packages/esp32/hardware/esp32/3.3.6/libraries/Wire[0m
[93mPreferences[0m             3.3.6   [90m/Users/satishkripavasan/Library/Arduino15/packages/esp32/hardware/esp32/3.3.6/libraries/Preferences[0m
[93mRTClib[0m                  2.1.4   [90m/Users/satishkripavasan/Documents/Arduino/libraries/RTClib[0m
[93mAdafruit BusIO[0m          1.17.4  [90m/Users/satishkripavasan/Documents/Arduino/libraries/Adafruit_BusIO[0m
[93mSD[0m                      3.3.6   [90m/Users/satishkripavasan/Library/Arduino15/packages/esp32/hardware/esp32/3.3.6/libraries/SD[0m
[93mFS[0m                      3.3.6   [90m/Users/satishkripavasan/Library/Arduino15/packages/esp32/hardware/esp32/3.3.6/libraries/FS[0m
[93mSPI[0m                     3.3.6   [90m/Users/satishkripavasan/Library/Arduino15/packages/esp32/hardware/esp32/3.3.6/libraries/SPI[0m
[93mSPIFFS[0m                  3.3.6   [90m/Users/satishkripavasan/Library/Arduino15/packages/esp32/hardware/esp32/3.3.6/libraries/SPIFFS[0m
[93mUpdate[0m                  3.3.6   [90m/Users/satishkripavasan/Library/Arduino15/packages/esp32/hardware/esp32/3.3.6/libraries/Update[0m
[93mWiFi[0m                    3.3.6   [90m/Users/satishkripavasan/Library/Arduino15/packages/esp32/hardware/esp32/3.3.6/libraries/WiFi[0m
[93mNetworking[0m              3.3.6   [90m/Users/satishkripavasan/Library/Arduino15/packages/esp32/hardware/esp32/3.3.6/libraries/Network[0m
[93mHULP[0m                    2.0.1   [90m/Users/satishkripavasan/Documents/Arduino/libraries/HULP-master[0m
[93mAdafruit BME280 Library[0m 2.3.0   [90m/Users/satishkripavasan/Documents/Arduino/libraries/Adafruit_BME280_Library[0m
[93mAdafruit Unified Sensor[0m 1.1.15  [90m/Users/satishkripavasan/Documents/Arduino/libraries/Adafruit_Unified_Sensor[0m
[93mESPmDNS[0m                 3.3.6   [90m/Users/satishkripavasan/Library/Arduino15/packages/esp32/hardware/esp32/3.3.6/libraries/ESPmDNS[0m

[92mUsed platform[0m [92mVersion[0m [90mPath[0m
[93mesp32:esp32[0m   3.3.6   [90m/Users/satishkripavasan/Library/Arduino15/packages/esp32/hardware/esp32/3.3.6[0m
Error during build: exit status 1
